[08-Jul-2025 22:44:16 UTC] PHP Deprecated:  YoastSEO_Vendor\Symfony\Component\DependencyInjection\Container::__construct(): Implicitly marking parameter $parameterBag as nullable is deprecated, the explicit nullable type must be used instead in /home/g2g1qer3vaa0/public_html/wp-content/plugins/wordpress-seo/vendor_prefixed/symfony/dependency-injection/Container.php on line 60
[08-Jul-2025 22:44:16 UTC] PHP Deprecated:  Creation of dynamic property ReduxFramework_extension_import_export::$field_name is deprecated in /home/g2g1qer3vaa0/public_html/wp-content/themes/organic-life/admin/inc/extensions/import_export/extension_import_export.php on line 62
[08-Jul-2025 22:44:16 UTC] PHP Deprecated:  Creation of dynamic property ReduxFramework::$transients is deprecated in /home/g2g1qer3vaa0/public_html/wp-content/themes/organic-life/admin/framework.php on line 2426
[08-Jul-2025 22:44:16 UTC] PHP Deprecated:  Creation of dynamic property ReduxFramework::$transients_check is deprecated in /home/g2g1qer3vaa0/public_html/wp-content/themes/organic-life/admin/framework.php on line 2427
[08-Jul-2025 22:44:16 UTC] PHP Deprecated:  Creation of dynamic property ReduxDebugObject::$parent is deprecated in /home/g2g1qer3vaa0/public_html/wp-content/themes/organic-life/admin/inc/debug.php on line 36
[08-Jul-2025 22:44:16 UTC] PHP Deprecated:  Creation of dynamic property Redux_Filesystem::$killswitch is deprecated in /home/g2g1qer3vaa0/public_html/wp-content/themes/organic-life/admin/inc/class.redux_filesystem.php on line 202
[08-Jul-2025 22:44:16 UTC] PHP Fatal error:  Uncaught ArgumentCountError: Too few arguments to function WP_Widget::__construct(), 0 passed in /home/g2g1qer3vaa0/public_html/wp-includes/class-wp-widget-factory.php on line 62 and at least 2 expected in /home/g2g1qer3vaa0/public_html/wp-includes/class-wp-widget.php:163
Stack trace:
#0 /home/g2g1qer3vaa0/public_html/wp-includes/class-wp-widget-factory.php(62): WP_Widget->__construct()
#1 /home/g2g1qer3vaa0/public_html/wp-includes/widgets.php(123): WP_Widget_Factory->register()
#2 /home/g2g1qer3vaa0/public_html/wp-content/themes/organic-life/lib/widgets/image_widget.php(7): register_widget()
#3 /home/g2g1qer3vaa0/public_html/wp-includes/class-wp-hook.php(324): register_organic_image_widget()
#4 /home/g2g1qer3vaa0/public_html/wp-includes/class-wp-hook.php(348): WP_Hook->apply_filters()
#5 /home/g2g1qer3vaa0/public_html/wp-includes/plugin.php(517): WP_Hook->do_action()
#6 /home/g2g1qer3vaa0/public_html/wp-includes/widgets.php(1870): do_action()
#7 /home/g2g1qer3vaa0/public_html/wp-includes/class-wp-hook.php(324): wp_widgets_init()
#8 /home/g2g1qer3vaa0/public_html/wp-includes/class-wp-hook.php(348): WP_Hook->apply_filters()
#9 /home/g2g1qer3vaa0/public_html/wp-includes/plugin.php(517): WP_Hook->do_action()
#10 /home/g2g1qer3vaa0/public_html/wp-settings.php(700): do_action()
#11 /home/g2g1qer3vaa0/public_html/wp-config.php(94): require_once('/home/g2g1qer3v...')
#12 /home/g2g1qer3vaa0/public_html/wp-load.php(50): require_once('/home/g2g1qer3v...')
#13 /home/g2g1qer3vaa0/public_html/wp-blog-header.php(13): require_once('/home/g2g1qer3v...')
#14 /home/g2g1qer3vaa0/public_html/index.php(17): require('/home/g2g1qer3v...')
#15 {main}
  thrown in /home/g2g1qer3vaa0/public_html/wp-includes/class-wp-widget.php on line 163
[08-Jul-2025 22:44:35 UTC] PHP Deprecated:  YoastSEO_Vendor\Symfony\Component\DependencyInjection\Container::__construct(): Implicitly marking parameter $parameterBag as nullable is deprecated, the explicit nullable type must be used instead in /home/g2g1qer3vaa0/public_html/wp-content/plugins/wordpress-seo/vendor_prefixed/symfony/dependency-injection/Container.php on line 60
[08-Jul-2025 22:44:35 UTC] PHP Deprecated:  Creation of dynamic property ReduxFramework_extension_import_export::$field_name is deprecated in /home/g2g1qer3vaa0/public_html/wp-content/themes/organic-life/admin/inc/extensions/import_export/extension_import_export.php on line 62
[08-Jul-2025 22:44:35 UTC] PHP Deprecated:  Creation of dynamic property ReduxFramework::$transients is deprecated in /home/g2g1qer3vaa0/public_html/wp-content/themes/organic-life/admin/framework.php on line 2426
[08-Jul-2025 22:44:35 UTC] PHP Deprecated:  Creation of dynamic property ReduxFramework::$transients_check is deprecated in /home/g2g1qer3vaa0/public_html/wp-content/themes/organic-life/admin/framework.php on line 2427
[08-Jul-2025 22:44:35 UTC] PHP Deprecated:  Creation of dynamic property ReduxDebugObject::$parent is deprecated in /home/g2g1qer3vaa0/public_html/wp-content/themes/organic-life/admin/inc/debug.php on line 36
[08-Jul-2025 22:44:36 UTC] PHP Deprecated:  Creation of dynamic property Redux_Filesystem::$killswitch is deprecated in /home/g2g1qer3vaa0/public_html/wp-content/themes/organic-life/admin/inc/class.redux_filesystem.php on line 202
[08-Jul-2025 22:44:36 UTC] PHP Fatal error:  Uncaught ArgumentCountError: Too few arguments to function WP_Widget::__construct(), 0 passed in /home/g2g1qer3vaa0/public_html/wp-includes/class-wp-widget-factory.php on line 62 and at least 2 expected in /home/g2g1qer3vaa0/public_html/wp-includes/class-wp-widget.php:163
Stack trace:
#0 /home/g2g1qer3vaa0/public_html/wp-includes/class-wp-widget-factory.php(62): WP_Widget->__construct()
#1 /home/g2g1qer3vaa0/public_html/wp-includes/widgets.php(123): WP_Widget_Factory->register()
#2 /home/g2g1qer3vaa0/public_html/wp-content/themes/organic-life/lib/widgets/image_widget.php(7): register_widget()
#3 /home/g2g1qer3vaa0/public_html/wp-includes/class-wp-hook.php(324): register_organic_image_widget()
#4 /home/g2g1qer3vaa0/public_html/wp-includes/class-wp-hook.php(348): WP_Hook->apply_filters()
#5 /home/g2g1qer3vaa0/public_html/wp-includes/plugin.php(517): WP_Hook->do_action()
#6 /home/g2g1qer3vaa0/public_html/wp-includes/widgets.php(1870): do_action()
#7 /home/g2g1qer3vaa0/public_html/wp-includes/class-wp-hook.php(324): wp_widgets_init()
#8 /home/g2g1qer3vaa0/public_html/wp-includes/class-wp-hook.php(348): WP_Hook->apply_filters()
#9 /home/g2g1qer3vaa0/public_html/wp-includes/plugin.php(517): WP_Hook->do_action()
#10 /home/g2g1qer3vaa0/public_html/wp-settings.php(700): do_action()
#11 /home/g2g1qer3vaa0/public_html/wp-config.php(94): require_once('/home/g2g1qer3v...')
#12 /home/g2g1qer3vaa0/public_html/wp-load.php(50): require_once('/home/g2g1qer3v...')
#13 /home/g2g1qer3vaa0/public_html/wp-blog-header.php(13): require_once('/home/g2g1qer3v...')
#14 /home/g2g1qer3vaa0/public_html/index.php(17): require('/home/g2g1qer3v...')
#15 {main}
  thrown in /home/g2g1qer3vaa0/public_html/wp-includes/class-wp-widget.php on line 163
[08-Jul-2025 22:44:38 UTC] PHP Deprecated:  YoastSEO_Vendor\Symfony\Component\DependencyInjection\Container::__construct(): Implicitly marking parameter $parameterBag as nullable is deprecated, the explicit nullable type must be used instead in /home/g2g1qer3vaa0/public_html/wp-content/plugins/wordpress-seo/vendor_prefixed/symfony/dependency-injection/Container.php on line 60
[08-Jul-2025 22:44:38 UTC] PHP Deprecated:  Creation of dynamic property ReduxFramework_extension_import_export::$field_name is deprecated in /home/g2g1qer3vaa0/public_html/wp-content/themes/organic-life/admin/inc/extensions/import_export/extension_import_export.php on line 62
[08-Jul-2025 22:44:38 UTC] PHP Deprecated:  Creation of dynamic property ReduxFramework::$transients is deprecated in /home/g2g1qer3vaa0/public_html/wp-content/themes/organic-life/admin/framework.php on line 2426
[08-Jul-2025 22:44:38 UTC] PHP Deprecated:  Creation of dynamic property ReduxFramework::$transients_check is deprecated in /home/g2g1qer3vaa0/public_html/wp-content/themes/organic-life/admin/framework.php on line 2427
[08-Jul-2025 22:44:38 UTC] PHP Deprecated:  Creation of dynamic property ReduxDebugObject::$parent is deprecated in /home/g2g1qer3vaa0/public_html/wp-content/themes/organic-life/admin/inc/debug.php on line 36
[08-Jul-2025 22:44:38 UTC] PHP Deprecated:  Creation of dynamic property Redux_Filesystem::$killswitch is deprecated in /home/g2g1qer3vaa0/public_html/wp-content/themes/organic-life/admin/inc/class.redux_filesystem.php on line 202
[08-Jul-2025 22:44:38 UTC] PHP Fatal error:  Uncaught ArgumentCountError: Too few arguments to function WP_Widget::__construct(), 0 passed in /home/g2g1qer3vaa0/public_html/wp-includes/class-wp-widget-factory.php on line 62 and at least 2 expected in /home/g2g1qer3vaa0/public_html/wp-includes/class-wp-widget.php:163
Stack trace:
#0 /home/g2g1qer3vaa0/public_html/wp-includes/class-wp-widget-factory.php(62): WP_Widget->__construct()
#1 /home/g2g1qer3vaa0/public_html/wp-includes/widgets.php(123): WP_Widget_Factory->register()
#2 /home/g2g1qer3vaa0/public_html/wp-content/themes/organic-life/lib/widgets/image_widget.php(7): register_widget()
#3 /home/g2g1qer3vaa0/public_html/wp-includes/class-wp-hook.php(324): register_organic_image_widget()
#4 /home/g2g1qer3vaa0/public_html/wp-includes/class-wp-hook.php(348): WP_Hook->apply_filters()
#5 /home/g2g1qer3vaa0/public_html/wp-includes/plugin.php(517): WP_Hook->do_action()
#6 /home/g2g1qer3vaa0/public_html/wp-includes/widgets.php(1870): do_action()
#7 /home/g2g1qer3vaa0/public_html/wp-includes/class-wp-hook.php(324): wp_widgets_init()
#8 /home/g2g1qer3vaa0/public_html/wp-includes/class-wp-hook.php(348): WP_Hook->apply_filters()
#9 /home/g2g1qer3vaa0/public_html/wp-includes/plugin.php(517): WP_Hook->do_action()
#10 /home/g2g1qer3vaa0/public_html/wp-settings.php(700): do_action()
#11 /home/g2g1qer3vaa0/public_html/wp-config.php(94): require_once('/home/g2g1qer3v...')
#12 /home/g2g1qer3vaa0/public_html/wp-load.php(50): require_once('/home/g2g1qer3v...')
#13 /home/g2g1qer3vaa0/public_html/wp-blog-header.php(13): require_once('/home/g2g1qer3v...')
#14 /home/g2g1qer3vaa0/public_html/index.php(17): require('/home/g2g1qer3v...')
#15 {main}
  thrown in /home/g2g1qer3vaa0/public_html/wp-includes/class-wp-widget.php on line 163
[08-Jul-2025 22:45:09 UTC] PHP Deprecated:  YoastSEO_Vendor\Symfony\Component\DependencyInjection\Container::__construct(): Implicitly marking parameter $parameterBag as nullable is deprecated, the explicit nullable type must be used instead in /home/g2g1qer3vaa0/public_html/wp-content/plugins/wordpress-seo/vendor_prefixed/symfony/dependency-injection/Container.php on line 60
[08-Jul-2025 22:45:09 UTC] PHP Deprecated:  Creation of dynamic property ReduxFramework_extension_import_export::$field_name is deprecated in /home/g2g1qer3vaa0/public_html/wp-content/themes/organic-life/admin/inc/extensions/import_export/extension_import_export.php on line 62
[08-Jul-2025 22:45:09 UTC] PHP Deprecated:  Creation of dynamic property ReduxFramework::$transients is deprecated in /home/g2g1qer3vaa0/public_html/wp-content/themes/organic-life/admin/framework.php on line 2426
[08-Jul-2025 22:45:09 UTC] PHP Deprecated:  Creation of dynamic property ReduxFramework::$transients_check is deprecated in /home/g2g1qer3vaa0/public_html/wp-content/themes/organic-life/admin/framework.php on line 2427
[08-Jul-2025 22:45:09 UTC] PHP Deprecated:  Creation of dynamic property ReduxDebugObject::$parent is deprecated in /home/g2g1qer3vaa0/public_html/wp-content/themes/organic-life/admin/inc/debug.php on line 36
[08-Jul-2025 22:45:10 UTC] PHP Deprecated:  Creation of dynamic property Redux_Filesystem::$killswitch is deprecated in /home/g2g1qer3vaa0/public_html/wp-content/themes/organic-life/admin/inc/class.redux_filesystem.php on line 202
[08-Jul-2025 22:45:10 UTC] PHP Fatal error:  Uncaught ArgumentCountError: Too few arguments to function WP_Widget::__construct(), 0 passed in /home/g2g1qer3vaa0/public_html/wp-includes/class-wp-widget-factory.php on line 62 and at least 2 expected in /home/g2g1qer3vaa0/public_html/wp-includes/class-wp-widget.php:163
Stack trace:
#0 /home/g2g1qer3vaa0/public_html/wp-includes/class-wp-widget-factory.php(62): WP_Widget->__construct()
#1 /home/g2g1qer3vaa0/public_html/wp-includes/widgets.php(123): WP_Widget_Factory->register()
#2 /home/g2g1qer3vaa0/public_html/wp-content/themes/organic-life/lib/widgets/image_widget.php(7): register_widget()
#3 /home/g2g1qer3vaa0/public_html/wp-includes/class-wp-hook.php(324): register_organic_image_widget()
#4 /home/g2g1qer3vaa0/public_html/wp-includes/class-wp-hook.php(348): WP_Hook->apply_filters()
#5 /home/g2g1qer3vaa0/public_html/wp-includes/plugin.php(517): WP_Hook->do_action()
#6 /home/g2g1qer3vaa0/public_html/wp-includes/widgets.php(1870): do_action()
#7 /home/g2g1qer3vaa0/public_html/wp-includes/class-wp-hook.php(324): wp_widgets_init()
#8 /home/g2g1qer3vaa0/public_html/wp-includes/class-wp-hook.php(348): WP_Hook->apply_filters()
#9 /home/g2g1qer3vaa0/public_html/wp-includes/plugin.php(517): WP_Hook->do_action()
#10 /home/g2g1qer3vaa0/public_html/wp-settings.php(700): do_action()
#11 /home/g2g1qer3vaa0/public_html/wp-config.php(94): require_once('/home/g2g1qer3v...')
#12 /home/g2g1qer3vaa0/public_html/wp-load.php(50): require_once('/home/g2g1qer3v...')
#13 /home/g2g1qer3vaa0/public_html/wp-blog-header.php(13): require_once('/home/g2g1qer3v...')
#14 /home/g2g1qer3vaa0/public_html/index.php(17): require('/home/g2g1qer3v...')
#15 {main}
  thrown in /home/g2g1qer3vaa0/public_html/wp-includes/class-wp-widget.php on line 163
[08-Jul-2025 22:45:21 UTC] PHP Deprecated:  YoastSEO_Vendor\Symfony\Component\DependencyInjection\Container::__construct(): Implicitly marking parameter $parameterBag as nullable is deprecated, the explicit nullable type must be used instead in /home/g2g1qer3vaa0/public_html/wp-content/plugins/wordpress-seo/vendor_prefixed/symfony/dependency-injection/Container.php on line 60
[08-Jul-2025 22:45:21 UTC] PHP Deprecated:  Creation of dynamic property ReduxFramework_extension_import_export::$field_name is deprecated in /home/g2g1qer3vaa0/public_html/wp-content/themes/organic-life/admin/inc/extensions/import_export/extension_import_export.php on line 62
[08-Jul-2025 22:45:21 UTC] PHP Deprecated:  Creation of dynamic property ReduxFramework::$transients is deprecated in /home/g2g1qer3vaa0/public_html/wp-content/themes/organic-life/admin/framework.php on line 2426
[08-Jul-2025 22:45:21 UTC] PHP Deprecated:  Creation of dynamic property ReduxFramework::$transients_check is deprecated in /home/g2g1qer3vaa0/public_html/wp-content/themes/organic-life/admin/framework.php on line 2427
[08-Jul-2025 22:45:21 UTC] PHP Deprecated:  Creation of dynamic property ReduxDebugObject::$parent is deprecated in /home/g2g1qer3vaa0/public_html/wp-content/themes/organic-life/admin/inc/debug.php on line 36
[08-Jul-2025 22:45:21 UTC] PHP Deprecated:  Creation of dynamic property Redux_Filesystem::$killswitch is deprecated in /home/g2g1qer3vaa0/public_html/wp-content/themes/organic-life/admin/inc/class.redux_filesystem.php on line 202
[08-Jul-2025 22:45:21 UTC] PHP Fatal error:  Uncaught ArgumentCountError: Too few arguments to function WP_Widget::__construct(), 0 passed in /home/g2g1qer3vaa0/public_html/wp-includes/class-wp-widget-factory.php on line 62 and at least 2 expected in /home/g2g1qer3vaa0/public_html/wp-includes/class-wp-widget.php:163
Stack trace:
#0 /home/g2g1qer3vaa0/public_html/wp-includes/class-wp-widget-factory.php(62): WP_Widget->__construct()
#1 /home/g2g1qer3vaa0/public_html/wp-includes/widgets.php(123): WP_Widget_Factory->register()
#2 /home/g2g1qer3vaa0/public_html/wp-content/themes/organic-life/lib/widgets/image_widget.php(7): register_widget()
#3 /home/g2g1qer3vaa0/public_html/wp-includes/class-wp-hook.php(324): register_organic_image_widget()
#4 /home/g2g1qer3vaa0/public_html/wp-includes/class-wp-hook.php(348): WP_Hook->apply_filters()
#5 /home/g2g1qer3vaa0/public_html/wp-includes/plugin.php(517): WP_Hook->do_action()
#6 /home/g2g1qer3vaa0/public_html/wp-includes/widgets.php(1870): do_action()
#7 /home/g2g1qer3vaa0/public_html/wp-includes/class-wp-hook.php(324): wp_widgets_init()
#8 /home/g2g1qer3vaa0/public_html/wp-includes/class-wp-hook.php(348): WP_Hook->apply_filters()
#9 /home/g2g1qer3vaa0/public_html/wp-includes/plugin.php(517): WP_Hook->do_action()
#10 /home/g2g1qer3vaa0/public_html/wp-settings.php(700): do_action()
#11 /home/g2g1qer3vaa0/public_html/wp-config.php(94): require_once('/home/g2g1qer3v...')
#12 /home/g2g1qer3vaa0/public_html/wp-load.php(50): require_once('/home/g2g1qer3v...')
#13 /home/g2g1qer3vaa0/public_html/wp-blog-header.php(13): require_once('/home/g2g1qer3v...')
#14 /home/g2g1qer3vaa0/public_html/index.php(17): require('/home/g2g1qer3v...')
#15 {main}
  thrown in /home/g2g1qer3vaa0/public_html/wp-includes/class-wp-widget.php on line 163
[08-Jul-2025 22:45:28 UTC] PHP Deprecated:  YoastSEO_Vendor\Symfony\Component\DependencyInjection\Container::__construct(): Implicitly marking parameter $parameterBag as nullable is deprecated, the explicit nullable type must be used instead in /home/g2g1qer3vaa0/public_html/wp-content/plugins/wordpress-seo/vendor_prefixed/symfony/dependency-injection/Container.php on line 60
[08-Jul-2025 22:45:28 UTC] PHP Deprecated:  Creation of dynamic property ReduxFramework_extension_import_export::$field_name is deprecated in /home/g2g1qer3vaa0/public_html/wp-content/themes/organic-life/admin/inc/extensions/import_export/extension_import_export.php on line 62
[08-Jul-2025 22:45:28 UTC] PHP Deprecated:  Creation of dynamic property ReduxFramework::$transients is deprecated in /home/g2g1qer3vaa0/public_html/wp-content/themes/organic-life/admin/framework.php on line 2426
[08-Jul-2025 22:45:28 UTC] PHP Deprecated:  Creation of dynamic property ReduxFramework::$transients_check is deprecated in /home/g2g1qer3vaa0/public_html/wp-content/themes/organic-life/admin/framework.php on line 2427
[08-Jul-2025 22:45:28 UTC] PHP Deprecated:  Creation of dynamic property ReduxDebugObject::$parent is deprecated in /home/g2g1qer3vaa0/public_html/wp-content/themes/organic-life/admin/inc/debug.php on line 36
[08-Jul-2025 22:45:29 UTC] PHP Deprecated:  Creation of dynamic property Redux_Filesystem::$killswitch is deprecated in /home/g2g1qer3vaa0/public_html/wp-content/themes/organic-life/admin/inc/class.redux_filesystem.php on line 202
[08-Jul-2025 22:45:29 UTC] PHP Fatal error:  Uncaught ArgumentCountError: Too few arguments to function WP_Widget::__construct(), 0 passed in /home/g2g1qer3vaa0/public_html/wp-includes/class-wp-widget-factory.php on line 62 and at least 2 expected in /home/g2g1qer3vaa0/public_html/wp-includes/class-wp-widget.php:163
Stack trace:
#0 /home/g2g1qer3vaa0/public_html/wp-includes/class-wp-widget-factory.php(62): WP_Widget->__construct()
#1 /home/g2g1qer3vaa0/public_html/wp-includes/widgets.php(123): WP_Widget_Factory->register()
#2 /home/g2g1qer3vaa0/public_html/wp-content/themes/organic-life/lib/widgets/image_widget.php(7): register_widget()
#3 /home/g2g1qer3vaa0/public_html/wp-includes/class-wp-hook.php(324): register_organic_image_widget()
#4 /home/g2g1qer3vaa0/public_html/wp-includes/class-wp-hook.php(348): WP_Hook->apply_filters()
#5 /home/g2g1qer3vaa0/public_html/wp-includes/plugin.php(517): WP_Hook->do_action()
#6 /home/g2g1qer3vaa0/public_html/wp-includes/widgets.php(1870): do_action()
#7 /home/g2g1qer3vaa0/public_html/wp-includes/class-wp-hook.php(324): wp_widgets_init()
#8 /home/g2g1qer3vaa0/public_html/wp-includes/class-wp-hook.php(348): WP_Hook->apply_filters()
#9 /home/g2g1qer3vaa0/public_html/wp-includes/plugin.php(517): WP_Hook->do_action()
#10 /home/g2g1qer3vaa0/public_html/wp-settings.php(700): do_action()
#11 /home/g2g1qer3vaa0/public_html/wp-config.php(94): require_once('/home/g2g1qer3v...')
#12 /home/g2g1qer3vaa0/public_html/wp-load.php(50): require_once('/home/g2g1qer3v...')
#13 /home/g2g1qer3vaa0/public_html/wp-blog-header.php(13): require_once('/home/g2g1qer3v...')
#14 /home/g2g1qer3vaa0/public_html/index.php(17): require('/home/g2g1qer3v...')
#15 {main}
  thrown in /home/g2g1qer3vaa0/public_html/wp-includes/class-wp-widget.php on line 163
[08-Jul-2025 22:45:36 UTC] PHP Deprecated:  YoastSEO_Vendor\Symfony\Component\DependencyInjection\Container::__construct(): Implicitly marking parameter $parameterBag as nullable is deprecated, the explicit nullable type must be used instead in /home/g2g1qer3vaa0/public_html/wp-content/plugins/wordpress-seo/vendor_prefixed/symfony/dependency-injection/Container.php on line 60
[08-Jul-2025 22:45:36 UTC] PHP Deprecated:  Creation of dynamic property ReduxFramework_extension_import_export::$field_name is deprecated in /home/g2g1qer3vaa0/public_html/wp-content/themes/organic-life/admin/inc/extensions/import_export/extension_import_export.php on line 62
[08-Jul-2025 22:45:36 UTC] PHP Deprecated:  Creation of dynamic property ReduxFramework::$transients is deprecated in /home/g2g1qer3vaa0/public_html/wp-content/themes/organic-life/admin/framework.php on line 2426
[08-Jul-2025 22:45:36 UTC] PHP Deprecated:  Creation of dynamic property ReduxFramework::$transients_check is deprecated in /home/g2g1qer3vaa0/public_html/wp-content/themes/organic-life/admin/framework.php on line 2427
[08-Jul-2025 22:45:36 UTC] PHP Deprecated:  Creation of dynamic property ReduxDebugObject::$parent is deprecated in /home/g2g1qer3vaa0/public_html/wp-content/themes/organic-life/admin/inc/debug.php on line 36
[08-Jul-2025 22:45:37 UTC] PHP Deprecated:  Creation of dynamic property Redux_Filesystem::$killswitch is deprecated in /home/g2g1qer3vaa0/public_html/wp-content/themes/organic-life/admin/inc/class.redux_filesystem.php on line 202
[08-Jul-2025 22:45:37 UTC] PHP Fatal error:  Uncaught ArgumentCountError: Too few arguments to function WP_Widget::__construct(), 0 passed in /home/g2g1qer3vaa0/public_html/wp-includes/class-wp-widget-factory.php on line 62 and at least 2 expected in /home/g2g1qer3vaa0/public_html/wp-includes/class-wp-widget.php:163
Stack trace:
#0 /home/g2g1qer3vaa0/public_html/wp-includes/class-wp-widget-factory.php(62): WP_Widget->__construct()
#1 /home/g2g1qer3vaa0/public_html/wp-includes/widgets.php(123): WP_Widget_Factory->register()
#2 /home/g2g1qer3vaa0/public_html/wp-content/themes/organic-life/lib/widgets/image_widget.php(7): register_widget()
#3 /home/g2g1qer3vaa0/public_html/wp-includes/class-wp-hook.php(324): register_organic_image_widget()
#4 /home/g2g1qer3vaa0/public_html/wp-includes/class-wp-hook.php(348): WP_Hook->apply_filters()
#5 /home/g2g1qer3vaa0/public_html/wp-includes/plugin.php(517): WP_Hook->do_action()
#6 /home/g2g1qer3vaa0/public_html/wp-includes/widgets.php(1870): do_action()
#7 /home/g2g1qer3vaa0/public_html/wp-includes/class-wp-hook.php(324): wp_widgets_init()
#8 /home/g2g1qer3vaa0/public_html/wp-includes/class-wp-hook.php(348): WP_Hook->apply_filters()
#9 /home/g2g1qer3vaa0/public_html/wp-includes/plugin.php(517): WP_Hook->do_action()
#10 /home/g2g1qer3vaa0/public_html/wp-settings.php(700): do_action()
#11 /home/g2g1qer3vaa0/public_html/wp-config.php(94): require_once('/home/g2g1qer3v...')
#12 /home/g2g1qer3vaa0/public_html/wp-load.php(50): require_once('/home/g2g1qer3v...')
#13 /home/g2g1qer3vaa0/public_html/wp-blog-header.php(13): require_once('/home/g2g1qer3v...')
#14 /home/g2g1qer3vaa0/public_html/index.php(17): require('/home/g2g1qer3v...')
#15 {main}
  thrown in /home/g2g1qer3vaa0/public_html/wp-includes/class-wp-widget.php on line 163
[08-Jul-2025 22:45:42 UTC] PHP Deprecated:  YoastSEO_Vendor\Symfony\Component\DependencyInjection\Container::__construct(): Implicitly marking parameter $parameterBag as nullable is deprecated, the explicit nullable type must be used instead in /home/g2g1qer3vaa0/public_html/wp-content/plugins/wordpress-seo/vendor_prefixed/symfony/dependency-injection/Container.php on line 60
[08-Jul-2025 22:45:42 UTC] PHP Deprecated:  Creation of dynamic property ReduxFramework_extension_import_export::$field_name is deprecated in /home/g2g1qer3vaa0/public_html/wp-content/themes/organic-life/admin/inc/extensions/import_export/extension_import_export.php on line 62
[08-Jul-2025 22:45:42 UTC] PHP Deprecated:  Creation of dynamic property ReduxFramework::$transients is deprecated in /home/g2g1qer3vaa0/public_html/wp-content/themes/organic-life/admin/framework.php on line 2426
[08-Jul-2025 22:45:42 UTC] PHP Deprecated:  Creation of dynamic property ReduxFramework::$transients_check is deprecated in /home/g2g1qer3vaa0/public_html/wp-content/themes/organic-life/admin/framework.php on line 2427
[08-Jul-2025 22:45:42 UTC] PHP Deprecated:  Creation of dynamic property ReduxDebugObject::$parent is deprecated in /home/g2g1qer3vaa0/public_html/wp-content/themes/organic-life/admin/inc/debug.php on line 36
[08-Jul-2025 22:45:42 UTC] PHP Deprecated:  Creation of dynamic property Redux_Filesystem::$killswitch is deprecated in /home/g2g1qer3vaa0/public_html/wp-content/themes/organic-life/admin/inc/class.redux_filesystem.php on line 202
[08-Jul-2025 22:45:42 UTC] PHP Fatal error:  Uncaught ArgumentCountError: Too few arguments to function WP_Widget::__construct(), 0 passed in /home/g2g1qer3vaa0/public_html/wp-includes/class-wp-widget-factory.php on line 62 and at least 2 expected in /home/g2g1qer3vaa0/public_html/wp-includes/class-wp-widget.php:163
Stack trace:
#0 /home/g2g1qer3vaa0/public_html/wp-includes/class-wp-widget-factory.php(62): WP_Widget->__construct()
#1 /home/g2g1qer3vaa0/public_html/wp-includes/widgets.php(123): WP_Widget_Factory->register()
#2 /home/g2g1qer3vaa0/public_html/wp-content/themes/organic-life/lib/widgets/image_widget.php(7): register_widget()
#3 /home/g2g1qer3vaa0/public_html/wp-includes/class-wp-hook.php(324): register_organic_image_widget()
#4 /home/g2g1qer3vaa0/public_html/wp-includes/class-wp-hook.php(348): WP_Hook->apply_filters()
#5 /home/g2g1qer3vaa0/public_html/wp-includes/plugin.php(517): WP_Hook->do_action()
#6 /home/g2g1qer3vaa0/public_html/wp-includes/widgets.php(1870): do_action()
#7 /home/g2g1qer3vaa0/public_html/wp-includes/class-wp-hook.php(324): wp_widgets_init()
#8 /home/g2g1qer3vaa0/public_html/wp-includes/class-wp-hook.php(348): WP_Hook->apply_filters()
#9 /home/g2g1qer3vaa0/public_html/wp-includes/plugin.php(517): WP_Hook->do_action()
#10 /home/g2g1qer3vaa0/public_html/wp-settings.php(700): do_action()
#11 /home/g2g1qer3vaa0/public_html/wp-config.php(94): require_once('/home/g2g1qer3v...')
#12 /home/g2g1qer3vaa0/public_html/wp-load.php(50): require_once('/home/g2g1qer3v...')
#13 /home/g2g1qer3vaa0/public_html/wp-blog-header.php(13): require_once('/home/g2g1qer3v...')
#14 /home/g2g1qer3vaa0/public_html/index.php(17): require('/home/g2g1qer3v...')
#15 {main}
  thrown in /home/g2g1qer3vaa0/public_html/wp-includes/class-wp-widget.php on line 163
[08-Jul-2025 22:45:47 UTC] PHP Deprecated:  YoastSEO_Vendor\Symfony\Component\DependencyInjection\Container::__construct(): Implicitly marking parameter $parameterBag as nullable is deprecated, the explicit nullable type must be used instead in /home/g2g1qer3vaa0/public_html/wp-content/plugins/wordpress-seo/vendor_prefixed/symfony/dependency-injection/Container.php on line 60
[08-Jul-2025 22:45:47 UTC] PHP Deprecated:  Creation of dynamic property ReduxFramework_extension_import_export::$field_name is deprecated in /home/g2g1qer3vaa0/public_html/wp-content/themes/organic-life/admin/inc/extensions/import_export/extension_import_export.php on line 62
[08-Jul-2025 22:45:47 UTC] PHP Deprecated:  Creation of dynamic property ReduxFramework::$transients is deprecated in /home/g2g1qer3vaa0/public_html/wp-content/themes/organic-life/admin/framework.php on line 2426
[08-Jul-2025 22:45:47 UTC] PHP Deprecated:  Creation of dynamic property ReduxFramework::$transients_check is deprecated in /home/g2g1qer3vaa0/public_html/wp-content/themes/organic-life/admin/framework.php on line 2427
[08-Jul-2025 22:45:47 UTC] PHP Deprecated:  Creation of dynamic property ReduxDebugObject::$parent is deprecated in /home/g2g1qer3vaa0/public_html/wp-content/themes/organic-life/admin/inc/debug.php on line 36
[08-Jul-2025 22:45:47 UTC] PHP Deprecated:  Creation of dynamic property Redux_Filesystem::$killswitch is deprecated in /home/g2g1qer3vaa0/public_html/wp-content/themes/organic-life/admin/inc/class.redux_filesystem.php on line 202
[08-Jul-2025 22:45:47 UTC] PHP Fatal error:  Uncaught ArgumentCountError: Too few arguments to function WP_Widget::__construct(), 0 passed in /home/g2g1qer3vaa0/public_html/wp-includes/class-wp-widget-factory.php on line 62 and at least 2 expected in /home/g2g1qer3vaa0/public_html/wp-includes/class-wp-widget.php:163
Stack trace:
#0 /home/g2g1qer3vaa0/public_html/wp-includes/class-wp-widget-factory.php(62): WP_Widget->__construct()
#1 /home/g2g1qer3vaa0/public_html/wp-includes/widgets.php(123): WP_Widget_Factory->register()
#2 /home/g2g1qer3vaa0/public_html/wp-content/themes/organic-life/lib/widgets/image_widget.php(7): register_widget()
#3 /home/g2g1qer3vaa0/public_html/wp-includes/class-wp-hook.php(324): register_organic_image_widget()
#4 /home/g2g1qer3vaa0/public_html/wp-includes/class-wp-hook.php(348): WP_Hook->apply_filters()
#5 /home/g2g1qer3vaa0/public_html/wp-includes/plugin.php(517): WP_Hook->do_action()
#6 /home/g2g1qer3vaa0/public_html/wp-includes/widgets.php(1870): do_action()
#7 /home/g2g1qer3vaa0/public_html/wp-includes/class-wp-hook.php(324): wp_widgets_init()
#8 /home/g2g1qer3vaa0/public_html/wp-includes/class-wp-hook.php(348): WP_Hook->apply_filters()
#9 /home/g2g1qer3vaa0/public_html/wp-includes/plugin.php(517): WP_Hook->do_action()
#10 /home/g2g1qer3vaa0/public_html/wp-settings.php(700): do_action()
#11 /home/g2g1qer3vaa0/public_html/wp-config.php(94): require_once('/home/g2g1qer3v...')
#12 /home/g2g1qer3vaa0/public_html/wp-load.php(50): require_once('/home/g2g1qer3v...')
#13 /home/g2g1qer3vaa0/public_html/wp-blog-header.php(13): require_once('/home/g2g1qer3v...')
#14 /home/g2g1qer3vaa0/public_html/index.php(17): require('/home/g2g1qer3v...')
#15 {main}
  thrown in /home/g2g1qer3vaa0/public_html/wp-includes/class-wp-widget.php on line 163
[08-Jul-2025 22:45:53 UTC] PHP Deprecated:  YoastSEO_Vendor\Symfony\Component\DependencyInjection\Container::__construct(): Implicitly marking parameter $parameterBag as nullable is deprecated, the explicit nullable type must be used instead in /home/g2g1qer3vaa0/public_html/wp-content/plugins/wordpress-seo/vendor_prefixed/symfony/dependency-injection/Container.php on line 60
[08-Jul-2025 22:45:53 UTC] PHP Deprecated:  Creation of dynamic property ReduxFramework_extension_import_export::$field_name is deprecated in /home/g2g1qer3vaa0/public_html/wp-content/themes/organic-life/admin/inc/extensions/import_export/extension_import_export.php on line 62
[08-Jul-2025 22:45:53 UTC] PHP Deprecated:  Creation of dynamic property ReduxFramework::$transients is deprecated in /home/g2g1qer3vaa0/public_html/wp-content/themes/organic-life/admin/framework.php on line 2426
[08-Jul-2025 22:45:53 UTC] PHP Deprecated:  Creation of dynamic property ReduxFramework::$transients_check is deprecated in /home/g2g1qer3vaa0/public_html/wp-content/themes/organic-life/admin/framework.php on line 2427
[08-Jul-2025 22:45:53 UTC] PHP Deprecated:  Creation of dynamic property ReduxDebugObject::$parent is deprecated in /home/g2g1qer3vaa0/public_html/wp-content/themes/organic-life/admin/inc/debug.php on line 36
[08-Jul-2025 22:45:54 UTC] PHP Deprecated:  Creation of dynamic property Redux_Filesystem::$killswitch is deprecated in /home/g2g1qer3vaa0/public_html/wp-content/themes/organic-life/admin/inc/class.redux_filesystem.php on line 202
[08-Jul-2025 22:45:54 UTC] PHP Fatal error:  Uncaught ArgumentCountError: Too few arguments to function WP_Widget::__construct(), 0 passed in /home/g2g1qer3vaa0/public_html/wp-includes/class-wp-widget-factory.php on line 62 and at least 2 expected in /home/g2g1qer3vaa0/public_html/wp-includes/class-wp-widget.php:163
Stack trace:
#0 /home/g2g1qer3vaa0/public_html/wp-includes/class-wp-widget-factory.php(62): WP_Widget->__construct()
#1 /home/g2g1qer3vaa0/public_html/wp-includes/widgets.php(123): WP_Widget_Factory->register()
#2 /home/g2g1qer3vaa0/public_html/wp-content/themes/organic-life/lib/widgets/image_widget.php(7): register_widget()
#3 /home/g2g1qer3vaa0/public_html/wp-includes/class-wp-hook.php(324): register_organic_image_widget()
#4 /home/g2g1qer3vaa0/public_html/wp-includes/class-wp-hook.php(348): WP_Hook->apply_filters()
#5 /home/g2g1qer3vaa0/public_html/wp-includes/plugin.php(517): WP_Hook->do_action()
#6 /home/g2g1qer3vaa0/public_html/wp-includes/widgets.php(1870): do_action()
#7 /home/g2g1qer3vaa0/public_html/wp-includes/class-wp-hook.php(324): wp_widgets_init()
#8 /home/g2g1qer3vaa0/public_html/wp-includes/class-wp-hook.php(348): WP_Hook->apply_filters()
#9 /home/g2g1qer3vaa0/public_html/wp-includes/plugin.php(517): WP_Hook->do_action()
#10 /home/g2g1qer3vaa0/public_html/wp-settings.php(700): do_action()
#11 /home/g2g1qer3vaa0/public_html/wp-config.php(94): require_once('/home/g2g1qer3v...')
#12 /home/g2g1qer3vaa0/public_html/wp-load.php(50): require_once('/home/g2g1qer3v...')
#13 /home/g2g1qer3vaa0/public_html/wp-blog-header.php(13): require_once('/home/g2g1qer3v...')
#14 /home/g2g1qer3vaa0/public_html/index.php(17): require('/home/g2g1qer3v...')
#15 {main}
  thrown in /home/g2g1qer3vaa0/public_html/wp-includes/class-wp-widget.php on line 163
[08-Jul-2025 22:46:20 UTC] PHP Deprecated:  YoastSEO_Vendor\Symfony\Component\DependencyInjection\Container::__construct(): Implicitly marking parameter $parameterBag as nullable is deprecated, the explicit nullable type must be used instead in /home/g2g1qer3vaa0/public_html/wp-content/plugins/wordpress-seo/vendor_prefixed/symfony/dependency-injection/Container.php on line 60
[08-Jul-2025 22:46:20 UTC] PHP Deprecated:  Creation of dynamic property ReduxFramework_extension_import_export::$field_name is deprecated in /home/g2g1qer3vaa0/public_html/wp-content/themes/organic-life/admin/inc/extensions/import_export/extension_import_export.php on line 62
[08-Jul-2025 22:46:20 UTC] PHP Deprecated:  Creation of dynamic property ReduxFramework::$transients is deprecated in /home/g2g1qer3vaa0/public_html/wp-content/themes/organic-life/admin/framework.php on line 2426
[08-Jul-2025 22:46:20 UTC] PHP Deprecated:  Creation of dynamic property ReduxFramework::$transients_check is deprecated in /home/g2g1qer3vaa0/public_html/wp-content/themes/organic-life/admin/framework.php on line 2427
[08-Jul-2025 22:46:20 UTC] PHP Deprecated:  Creation of dynamic property ReduxDebugObject::$parent is deprecated in /home/g2g1qer3vaa0/public_html/wp-content/themes/organic-life/admin/inc/debug.php on line 36
[08-Jul-2025 22:46:20 UTC] PHP Deprecated:  Creation of dynamic property Redux_Filesystem::$killswitch is deprecated in /home/g2g1qer3vaa0/public_html/wp-content/themes/organic-life/admin/inc/class.redux_filesystem.php on line 202
[08-Jul-2025 22:46:20 UTC] PHP Fatal error:  Uncaught ArgumentCountError: Too few arguments to function WP_Widget::__construct(), 0 passed in /home/g2g1qer3vaa0/public_html/wp-includes/class-wp-widget-factory.php on line 62 and at least 2 expected in /home/g2g1qer3vaa0/public_html/wp-includes/class-wp-widget.php:163
Stack trace:
#0 /home/g2g1qer3vaa0/public_html/wp-includes/class-wp-widget-factory.php(62): WP_Widget->__construct()
#1 /home/g2g1qer3vaa0/public_html/wp-includes/widgets.php(123): WP_Widget_Factory->register()
#2 /home/g2g1qer3vaa0/public_html/wp-content/themes/organic-life/lib/widgets/image_widget.php(7): register_widget()
#3 /home/g2g1qer3vaa0/public_html/wp-includes/class-wp-hook.php(324): register_organic_image_widget()
#4 /home/g2g1qer3vaa0/public_html/wp-includes/class-wp-hook.php(348): WP_Hook->apply_filters()
#5 /home/g2g1qer3vaa0/public_html/wp-includes/plugin.php(517): WP_Hook->do_action()
#6 /home/g2g1qer3vaa0/public_html/wp-includes/widgets.php(1870): do_action()
#7 /home/g2g1qer3vaa0/public_html/wp-includes/class-wp-hook.php(324): wp_widgets_init()
#8 /home/g2g1qer3vaa0/public_html/wp-includes/class-wp-hook.php(348): WP_Hook->apply_filters()
#9 /home/g2g1qer3vaa0/public_html/wp-includes/plugin.php(517): WP_Hook->do_action()
#10 /home/g2g1qer3vaa0/public_html/wp-settings.php(700): do_action()
#11 /home/g2g1qer3vaa0/public_html/wp-config.php(94): require_once('/home/g2g1qer3v...')
#12 /home/g2g1qer3vaa0/public_html/wp-load.php(50): require_once('/home/g2g1qer3v...')
#13 /home/g2g1qer3vaa0/public_html/wp-blog-header.php(13): require_once('/home/g2g1qer3v...')
#14 /home/g2g1qer3vaa0/public_html/index.php(17): require('/home/g2g1qer3v...')
#15 {main}
  thrown in /home/g2g1qer3vaa0/public_html/wp-includes/class-wp-widget.php on line 163
[08-Jul-2025 22:46:27 UTC] PHP Deprecated:  YoastSEO_Vendor\Symfony\Component\DependencyInjection\Container::__construct(): Implicitly marking parameter $parameterBag as nullable is deprecated, the explicit nullable type must be used instead in /home/g2g1qer3vaa0/public_html/wp-content/plugins/wordpress-seo/vendor_prefixed/symfony/dependency-injection/Container.php on line 60
[08-Jul-2025 22:46:27 UTC] PHP Deprecated:  Creation of dynamic property ReduxFramework_extension_import_export::$field_name is deprecated in /home/g2g1qer3vaa0/public_html/wp-content/themes/organic-life/admin/inc/extensions/import_export/extension_import_export.php on line 62
[08-Jul-2025 22:46:27 UTC] PHP Deprecated:  Creation of dynamic property ReduxFramework::$transients is deprecated in /home/g2g1qer3vaa0/public_html/wp-content/themes/organic-life/admin/framework.php on line 2426
[08-Jul-2025 22:46:27 UTC] PHP Deprecated:  Creation of dynamic property ReduxFramework::$transients_check is deprecated in /home/g2g1qer3vaa0/public_html/wp-content/themes/organic-life/admin/framework.php on line 2427
[08-Jul-2025 22:46:27 UTC] PHP Deprecated:  Creation of dynamic property ReduxDebugObject::$parent is deprecated in /home/g2g1qer3vaa0/public_html/wp-content/themes/organic-life/admin/inc/debug.php on line 36
[08-Jul-2025 22:46:27 UTC] PHP Deprecated:  Creation of dynamic property Redux_Filesystem::$killswitch is deprecated in /home/g2g1qer3vaa0/public_html/wp-content/themes/organic-life/admin/inc/class.redux_filesystem.php on line 202
[08-Jul-2025 22:46:27 UTC] PHP Fatal error:  Uncaught ArgumentCountError: Too few arguments to function WP_Widget::__construct(), 0 passed in /home/g2g1qer3vaa0/public_html/wp-includes/class-wp-widget-factory.php on line 62 and at least 2 expected in /home/g2g1qer3vaa0/public_html/wp-includes/class-wp-widget.php:163
Stack trace:
#0 /home/g2g1qer3vaa0/public_html/wp-includes/class-wp-widget-factory.php(62): WP_Widget->__construct()
#1 /home/g2g1qer3vaa0/public_html/wp-includes/widgets.php(123): WP_Widget_Factory->register()
#2 /home/g2g1qer3vaa0/public_html/wp-content/themes/organic-life/lib/widgets/image_widget.php(7): register_widget()
#3 /home/g2g1qer3vaa0/public_html/wp-includes/class-wp-hook.php(324): register_organic_image_widget()
#4 /home/g2g1qer3vaa0/public_html/wp-includes/class-wp-hook.php(348): WP_Hook->apply_filters()
#5 /home/g2g1qer3vaa0/public_html/wp-includes/plugin.php(517): WP_Hook->do_action()
#6 /home/g2g1qer3vaa0/public_html/wp-includes/widgets.php(1870): do_action()
#7 /home/g2g1qer3vaa0/public_html/wp-includes/class-wp-hook.php(324): wp_widgets_init()
#8 /home/g2g1qer3vaa0/public_html/wp-includes/class-wp-hook.php(348): WP_Hook->apply_filters()
#9 /home/g2g1qer3vaa0/public_html/wp-includes/plugin.php(517): WP_Hook->do_action()
#10 /home/g2g1qer3vaa0/public_html/wp-settings.php(700): do_action()
#11 /home/g2g1qer3vaa0/public_html/wp-config.php(94): require_once('/home/g2g1qer3v...')
#12 /home/g2g1qer3vaa0/public_html/wp-load.php(50): require_once('/home/g2g1qer3v...')
#13 /home/g2g1qer3vaa0/public_html/wp-blog-header.php(13): require_once('/home/g2g1qer3v...')
#14 /home/g2g1qer3vaa0/public_html/index.php(17): require('/home/g2g1qer3v...')
#15 {main}
  thrown in /home/g2g1qer3vaa0/public_html/wp-includes/class-wp-widget.php on line 163
[08-Jul-2025 22:46:31 UTC] PHP Deprecated:  YoastSEO_Vendor\Symfony\Component\DependencyInjection\Container::__construct(): Implicitly marking parameter $parameterBag as nullable is deprecated, the explicit nullable type must be used instead in /home/g2g1qer3vaa0/public_html/wp-content/plugins/wordpress-seo/vendor_prefixed/symfony/dependency-injection/Container.php on line 60
[08-Jul-2025 22:46:31 UTC] PHP Deprecated:  Creation of dynamic property ReduxFramework_extension_import_export::$field_name is deprecated in /home/g2g1qer3vaa0/public_html/wp-content/themes/organic-life/admin/inc/extensions/import_export/extension_import_export.php on line 62
[08-Jul-2025 22:46:31 UTC] PHP Deprecated:  Creation of dynamic property ReduxFramework::$transients is deprecated in /home/g2g1qer3vaa0/public_html/wp-content/themes/organic-life/admin/framework.php on line 2426
[08-Jul-2025 22:46:31 UTC] PHP Deprecated:  Creation of dynamic property ReduxFramework::$transients_check is deprecated in /home/g2g1qer3vaa0/public_html/wp-content/themes/organic-life/admin/framework.php on line 2427
[08-Jul-2025 22:46:31 UTC] PHP Deprecated:  Creation of dynamic property ReduxDebugObject::$parent is deprecated in /home/g2g1qer3vaa0/public_html/wp-content/themes/organic-life/admin/inc/debug.php on line 36
[08-Jul-2025 22:46:31 UTC] PHP Deprecated:  Creation of dynamic property Redux_Filesystem::$killswitch is deprecated in /home/g2g1qer3vaa0/public_html/wp-content/themes/organic-life/admin/inc/class.redux_filesystem.php on line 202
[08-Jul-2025 22:46:31 UTC] PHP Fatal error:  Uncaught ArgumentCountError: Too few arguments to function WP_Widget::__construct(), 0 passed in /home/g2g1qer3vaa0/public_html/wp-includes/class-wp-widget-factory.php on line 62 and at least 2 expected in /home/g2g1qer3vaa0/public_html/wp-includes/class-wp-widget.php:163
Stack trace:
#0 /home/g2g1qer3vaa0/public_html/wp-includes/class-wp-widget-factory.php(62): WP_Widget->__construct()
#1 /home/g2g1qer3vaa0/public_html/wp-includes/widgets.php(123): WP_Widget_Factory->register()
#2 /home/g2g1qer3vaa0/public_html/wp-content/themes/organic-life/lib/widgets/image_widget.php(7): register_widget()
#3 /home/g2g1qer3vaa0/public_html/wp-includes/class-wp-hook.php(324): register_organic_image_widget()
#4 /home/g2g1qer3vaa0/public_html/wp-includes/class-wp-hook.php(348): WP_Hook->apply_filters()
#5 /home/g2g1qer3vaa0/public_html/wp-includes/plugin.php(517): WP_Hook->do_action()
#6 /home/g2g1qer3vaa0/public_html/wp-includes/widgets.php(1870): do_action()
#7 /home/g2g1qer3vaa0/public_html/wp-includes/class-wp-hook.php(324): wp_widgets_init()
#8 /home/g2g1qer3vaa0/public_html/wp-includes/class-wp-hook.php(348): WP_Hook->apply_filters()
#9 /home/g2g1qer3vaa0/public_html/wp-includes/plugin.php(517): WP_Hook->do_action()
#10 /home/g2g1qer3vaa0/public_html/wp-settings.php(700): do_action()
#11 /home/g2g1qer3vaa0/public_html/wp-config.php(94): require_once('/home/g2g1qer3v...')
#12 /home/g2g1qer3vaa0/public_html/wp-load.php(50): require_once('/home/g2g1qer3v...')
#13 /home/g2g1qer3vaa0/public_html/wp-blog-header.php(13): require_once('/home/g2g1qer3v...')
#14 /home/g2g1qer3vaa0/public_html/index.php(17): require('/home/g2g1qer3v...')
#15 {main}
  thrown in /home/g2g1qer3vaa0/public_html/wp-includes/class-wp-widget.php on line 163
[08-Jul-2025 22:46:33 UTC] PHP Deprecated:  YoastSEO_Vendor\Symfony\Component\DependencyInjection\Container::__construct(): Implicitly marking parameter $parameterBag as nullable is deprecated, the explicit nullable type must be used instead in /home/g2g1qer3vaa0/public_html/wp-content/plugins/wordpress-seo/vendor_prefixed/symfony/dependency-injection/Container.php on line 60
[08-Jul-2025 22:46:33 UTC] PHP Deprecated:  Creation of dynamic property ReduxFramework_extension_import_export::$field_name is deprecated in /home/g2g1qer3vaa0/public_html/wp-content/themes/organic-life/admin/inc/extensions/import_export/extension_import_export.php on line 62
[08-Jul-2025 22:46:33 UTC] PHP Deprecated:  Creation of dynamic property ReduxFramework::$transients is deprecated in /home/g2g1qer3vaa0/public_html/wp-content/themes/organic-life/admin/framework.php on line 2426
[08-Jul-2025 22:46:33 UTC] PHP Deprecated:  Creation of dynamic property ReduxFramework::$transients_check is deprecated in /home/g2g1qer3vaa0/public_html/wp-content/themes/organic-life/admin/framework.php on line 2427
[08-Jul-2025 22:46:33 UTC] PHP Deprecated:  Creation of dynamic property ReduxDebugObject::$parent is deprecated in /home/g2g1qer3vaa0/public_html/wp-content/themes/organic-life/admin/inc/debug.php on line 36
[08-Jul-2025 22:46:33 UTC] PHP Deprecated:  Creation of dynamic property Redux_Filesystem::$killswitch is deprecated in /home/g2g1qer3vaa0/public_html/wp-content/themes/organic-life/admin/inc/class.redux_filesystem.php on line 202
[08-Jul-2025 22:46:33 UTC] PHP Fatal error:  Uncaught ArgumentCountError: Too few arguments to function WP_Widget::__construct(), 0 passed in /home/g2g1qer3vaa0/public_html/wp-includes/class-wp-widget-factory.php on line 62 and at least 2 expected in /home/g2g1qer3vaa0/public_html/wp-includes/class-wp-widget.php:163
Stack trace:
#0 /home/g2g1qer3vaa0/public_html/wp-includes/class-wp-widget-factory.php(62): WP_Widget->__construct()
#1 /home/g2g1qer3vaa0/public_html/wp-includes/widgets.php(123): WP_Widget_Factory->register()
#2 /home/g2g1qer3vaa0/public_html/wp-content/themes/organic-life/lib/widgets/image_widget.php(7): register_widget()
#3 /home/g2g1qer3vaa0/public_html/wp-includes/class-wp-hook.php(324): register_organic_image_widget()
#4 /home/g2g1qer3vaa0/public_html/wp-includes/class-wp-hook.php(348): WP_Hook->apply_filters()
#5 /home/g2g1qer3vaa0/public_html/wp-includes/plugin.php(517): WP_Hook->do_action()
#6 /home/g2g1qer3vaa0/public_html/wp-includes/widgets.php(1870): do_action()
#7 /home/g2g1qer3vaa0/public_html/wp-includes/class-wp-hook.php(324): wp_widgets_init()
#8 /home/g2g1qer3vaa0/public_html/wp-includes/class-wp-hook.php(348): WP_Hook->apply_filters()
#9 /home/g2g1qer3vaa0/public_html/wp-includes/plugin.php(517): WP_Hook->do_action()
#10 /home/g2g1qer3vaa0/public_html/wp-settings.php(700): do_action()
#11 /home/g2g1qer3vaa0/public_html/wp-config.php(94): require_once('/home/g2g1qer3v...')
#12 /home/g2g1qer3vaa0/public_html/wp-load.php(50): require_once('/home/g2g1qer3v...')
#13 /home/g2g1qer3vaa0/public_html/wp-blog-header.php(13): require_once('/home/g2g1qer3v...')
#14 /home/g2g1qer3vaa0/public_html/index.php(17): require('/home/g2g1qer3v...')
#15 {main}
  thrown in /home/g2g1qer3vaa0/public_html/wp-includes/class-wp-widget.php on line 163
[08-Jul-2025 22:46:44 UTC] PHP Deprecated:  YoastSEO_Vendor\Symfony\Component\DependencyInjection\Container::__construct(): Implicitly marking parameter $parameterBag as nullable is deprecated, the explicit nullable type must be used instead in /home/g2g1qer3vaa0/public_html/wp-content/plugins/wordpress-seo/vendor_prefixed/symfony/dependency-injection/Container.php on line 60
[08-Jul-2025 22:46:44 UTC] PHP Deprecated:  Creation of dynamic property ReduxFramework_extension_import_export::$field_name is deprecated in /home/g2g1qer3vaa0/public_html/wp-content/themes/organic-life/admin/inc/extensions/import_export/extension_import_export.php on line 62
[08-Jul-2025 22:46:44 UTC] PHP Deprecated:  Creation of dynamic property ReduxFramework::$transients is deprecated in /home/g2g1qer3vaa0/public_html/wp-content/themes/organic-life/admin/framework.php on line 2426
[08-Jul-2025 22:46:44 UTC] PHP Deprecated:  Creation of dynamic property ReduxFramework::$transients_check is deprecated in /home/g2g1qer3vaa0/public_html/wp-content/themes/organic-life/admin/framework.php on line 2427
[08-Jul-2025 22:46:44 UTC] PHP Deprecated:  Creation of dynamic property ReduxDebugObject::$parent is deprecated in /home/g2g1qer3vaa0/public_html/wp-content/themes/organic-life/admin/inc/debug.php on line 36
[08-Jul-2025 22:46:44 UTC] PHP Deprecated:  Creation of dynamic property Redux_Filesystem::$killswitch is deprecated in /home/g2g1qer3vaa0/public_html/wp-content/themes/organic-life/admin/inc/class.redux_filesystem.php on line 202
[08-Jul-2025 22:46:44 UTC] PHP Fatal error:  Uncaught ArgumentCountError: Too few arguments to function WP_Widget::__construct(), 0 passed in /home/g2g1qer3vaa0/public_html/wp-includes/class-wp-widget-factory.php on line 62 and at least 2 expected in /home/g2g1qer3vaa0/public_html/wp-includes/class-wp-widget.php:163
Stack trace:
#0 /home/g2g1qer3vaa0/public_html/wp-includes/class-wp-widget-factory.php(62): WP_Widget->__construct()
#1 /home/g2g1qer3vaa0/public_html/wp-includes/widgets.php(123): WP_Widget_Factory->register()
#2 /home/g2g1qer3vaa0/public_html/wp-content/themes/organic-life/lib/widgets/image_widget.php(7): register_widget()
#3 /home/g2g1qer3vaa0/public_html/wp-includes/class-wp-hook.php(324): register_organic_image_widget()
#4 /home/g2g1qer3vaa0/public_html/wp-includes/class-wp-hook.php(348): WP_Hook->apply_filters()
#5 /home/g2g1qer3vaa0/public_html/wp-includes/plugin.php(517): WP_Hook->do_action()
#6 /home/g2g1qer3vaa0/public_html/wp-includes/widgets.php(1870): do_action()
#7 /home/g2g1qer3vaa0/public_html/wp-includes/class-wp-hook.php(324): wp_widgets_init()
#8 /home/g2g1qer3vaa0/public_html/wp-includes/class-wp-hook.php(348): WP_Hook->apply_filters()
#9 /home/g2g1qer3vaa0/public_html/wp-includes/plugin.php(517): WP_Hook->do_action()
#10 /home/g2g1qer3vaa0/public_html/wp-settings.php(700): do_action()
#11 /home/g2g1qer3vaa0/public_html/wp-config.php(94): require_once('/home/g2g1qer3v...')
#12 /home/g2g1qer3vaa0/public_html/wp-load.php(50): require_once('/home/g2g1qer3v...')
#13 /home/g2g1qer3vaa0/public_html/wp-blog-header.php(13): require_once('/home/g2g1qer3v...')
#14 /home/g2g1qer3vaa0/public_html/index.php(17): require('/home/g2g1qer3v...')
#15 {main}
  thrown in /home/g2g1qer3vaa0/public_html/wp-includes/class-wp-widget.php on line 163
[08-Jul-2025 22:47:04 UTC] PHP Deprecated:  YoastSEO_Vendor\Symfony\Component\DependencyInjection\Container::__construct(): Implicitly marking parameter $parameterBag as nullable is deprecated, the explicit nullable type must be used instead in /home/g2g1qer3vaa0/public_html/wp-content/plugins/wordpress-seo/vendor_prefixed/symfony/dependency-injection/Container.php on line 60
[08-Jul-2025 22:47:04 UTC] PHP Deprecated:  Creation of dynamic property ReduxFramework_extension_import_export::$field_name is deprecated in /home/g2g1qer3vaa0/public_html/wp-content/themes/organic-life/admin/inc/extensions/import_export/extension_import_export.php on line 62
[08-Jul-2025 22:47:04 UTC] PHP Deprecated:  Creation of dynamic property ReduxFramework::$transients is deprecated in /home/g2g1qer3vaa0/public_html/wp-content/themes/organic-life/admin/framework.php on line 2426
[08-Jul-2025 22:47:04 UTC] PHP Deprecated:  Creation of dynamic property ReduxFramework::$transients_check is deprecated in /home/g2g1qer3vaa0/public_html/wp-content/themes/organic-life/admin/framework.php on line 2427
[08-Jul-2025 22:47:04 UTC] PHP Deprecated:  Creation of dynamic property ReduxDebugObject::$parent is deprecated in /home/g2g1qer3vaa0/public_html/wp-content/themes/organic-life/admin/inc/debug.php on line 36
[08-Jul-2025 22:47:04 UTC] PHP Deprecated:  Creation of dynamic property Redux_Filesystem::$killswitch is deprecated in /home/g2g1qer3vaa0/public_html/wp-content/themes/organic-life/admin/inc/class.redux_filesystem.php on line 202
[08-Jul-2025 22:47:04 UTC] PHP Fatal error:  Uncaught ArgumentCountError: Too few arguments to function WP_Widget::__construct(), 0 passed in /home/g2g1qer3vaa0/public_html/wp-includes/class-wp-widget-factory.php on line 62 and at least 2 expected in /home/g2g1qer3vaa0/public_html/wp-includes/class-wp-widget.php:163
Stack trace:
#0 /home/g2g1qer3vaa0/public_html/wp-includes/class-wp-widget-factory.php(62): WP_Widget->__construct()
#1 /home/g2g1qer3vaa0/public_html/wp-includes/widgets.php(123): WP_Widget_Factory->register()
#2 /home/g2g1qer3vaa0/public_html/wp-content/themes/organic-life/lib/widgets/image_widget.php(7): register_widget()
#3 /home/g2g1qer3vaa0/public_html/wp-includes/class-wp-hook.php(324): register_organic_image_widget()
#4 /home/g2g1qer3vaa0/public_html/wp-includes/class-wp-hook.php(348): WP_Hook->apply_filters()
#5 /home/g2g1qer3vaa0/public_html/wp-includes/plugin.php(517): WP_Hook->do_action()
#6 /home/g2g1qer3vaa0/public_html/wp-includes/widgets.php(1870): do_action()
#7 /home/g2g1qer3vaa0/public_html/wp-includes/class-wp-hook.php(324): wp_widgets_init()
#8 /home/g2g1qer3vaa0/public_html/wp-includes/class-wp-hook.php(348): WP_Hook->apply_filters()
#9 /home/g2g1qer3vaa0/public_html/wp-includes/plugin.php(517): WP_Hook->do_action()
#10 /home/g2g1qer3vaa0/public_html/wp-settings.php(700): do_action()
#11 /home/g2g1qer3vaa0/public_html/wp-config.php(94): require_once('/home/g2g1qer3v...')
#12 /home/g2g1qer3vaa0/public_html/wp-load.php(50): require_once('/home/g2g1qer3v...')
#13 /home/g2g1qer3vaa0/public_html/wp-blog-header.php(13): require_once('/home/g2g1qer3v...')
#14 /home/g2g1qer3vaa0/public_html/index.php(17): require('/home/g2g1qer3v...')
#15 {main}
  thrown in /home/g2g1qer3vaa0/public_html/wp-includes/class-wp-widget.php on line 163
[08-Jul-2025 22:47:09 UTC] PHP Deprecated:  YoastSEO_Vendor\Symfony\Component\DependencyInjection\Container::__construct(): Implicitly marking parameter $parameterBag as nullable is deprecated, the explicit nullable type must be used instead in /home/g2g1qer3vaa0/public_html/wp-content/plugins/wordpress-seo/vendor_prefixed/symfony/dependency-injection/Container.php on line 60
[08-Jul-2025 22:47:10 UTC] PHP Deprecated:  Creation of dynamic property ReduxFramework_extension_import_export::$field_name is deprecated in /home/g2g1qer3vaa0/public_html/wp-content/themes/organic-life/admin/inc/extensions/import_export/extension_import_export.php on line 62
[08-Jul-2025 22:47:10 UTC] PHP Deprecated:  Creation of dynamic property ReduxFramework::$transients is deprecated in /home/g2g1qer3vaa0/public_html/wp-content/themes/organic-life/admin/framework.php on line 2426
[08-Jul-2025 22:47:10 UTC] PHP Deprecated:  Creation of dynamic property ReduxFramework::$transients_check is deprecated in /home/g2g1qer3vaa0/public_html/wp-content/themes/organic-life/admin/framework.php on line 2427
[08-Jul-2025 22:47:10 UTC] PHP Deprecated:  Creation of dynamic property ReduxDebugObject::$parent is deprecated in /home/g2g1qer3vaa0/public_html/wp-content/themes/organic-life/admin/inc/debug.php on line 36
[08-Jul-2025 22:47:10 UTC] PHP Deprecated:  Creation of dynamic property Redux_Filesystem::$killswitch is deprecated in /home/g2g1qer3vaa0/public_html/wp-content/themes/organic-life/admin/inc/class.redux_filesystem.php on line 202
[08-Jul-2025 22:47:10 UTC] PHP Fatal error:  Uncaught ArgumentCountError: Too few arguments to function WP_Widget::__construct(), 0 passed in /home/g2g1qer3vaa0/public_html/wp-includes/class-wp-widget-factory.php on line 62 and at least 2 expected in /home/g2g1qer3vaa0/public_html/wp-includes/class-wp-widget.php:163
Stack trace:
#0 /home/g2g1qer3vaa0/public_html/wp-includes/class-wp-widget-factory.php(62): WP_Widget->__construct()
#1 /home/g2g1qer3vaa0/public_html/wp-includes/widgets.php(123): WP_Widget_Factory->register()
#2 /home/g2g1qer3vaa0/public_html/wp-content/themes/organic-life/lib/widgets/image_widget.php(7): register_widget()
#3 /home/g2g1qer3vaa0/public_html/wp-includes/class-wp-hook.php(324): register_organic_image_widget()
#4 /home/g2g1qer3vaa0/public_html/wp-includes/class-wp-hook.php(348): WP_Hook->apply_filters()
#5 /home/g2g1qer3vaa0/public_html/wp-includes/plugin.php(517): WP_Hook->do_action()
#6 /home/g2g1qer3vaa0/public_html/wp-includes/widgets.php(1870): do_action()
#7 /home/g2g1qer3vaa0/public_html/wp-includes/class-wp-hook.php(324): wp_widgets_init()
#8 /home/g2g1qer3vaa0/public_html/wp-includes/class-wp-hook.php(348): WP_Hook->apply_filters()
#9 /home/g2g1qer3vaa0/public_html/wp-includes/plugin.php(517): WP_Hook->do_action()
#10 /home/g2g1qer3vaa0/public_html/wp-settings.php(700): do_action()
#11 /home/g2g1qer3vaa0/public_html/wp-config.php(94): require_once('/home/g2g1qer3v...')
#12 /home/g2g1qer3vaa0/public_html/wp-load.php(50): require_once('/home/g2g1qer3v...')
#13 /home/g2g1qer3vaa0/public_html/wp-blog-header.php(13): require_once('/home/g2g1qer3v...')
#14 /home/g2g1qer3vaa0/public_html/index.php(17): require('/home/g2g1qer3v...')
#15 {main}
  thrown in /home/g2g1qer3vaa0/public_html/wp-includes/class-wp-widget.php on line 163
[08-Jul-2025 22:47:14 UTC] PHP Deprecated:  YoastSEO_Vendor\Symfony\Component\DependencyInjection\Container::__construct(): Implicitly marking parameter $parameterBag as nullable is deprecated, the explicit nullable type must be used instead in /home/g2g1qer3vaa0/public_html/wp-content/plugins/wordpress-seo/vendor_prefixed/symfony/dependency-injection/Container.php on line 60
[08-Jul-2025 22:47:14 UTC] PHP Deprecated:  Creation of dynamic property ReduxFramework_extension_import_export::$field_name is deprecated in /home/g2g1qer3vaa0/public_html/wp-content/themes/organic-life/admin/inc/extensions/import_export/extension_import_export.php on line 62
[08-Jul-2025 22:47:14 UTC] PHP Deprecated:  Creation of dynamic property ReduxFramework::$transients is deprecated in /home/g2g1qer3vaa0/public_html/wp-content/themes/organic-life/admin/framework.php on line 2426
[08-Jul-2025 22:47:14 UTC] PHP Deprecated:  Creation of dynamic property ReduxFramework::$transients_check is deprecated in /home/g2g1qer3vaa0/public_html/wp-content/themes/organic-life/admin/framework.php on line 2427
[08-Jul-2025 22:47:14 UTC] PHP Deprecated:  Creation of dynamic property ReduxDebugObject::$parent is deprecated in /home/g2g1qer3vaa0/public_html/wp-content/themes/organic-life/admin/inc/debug.php on line 36
[08-Jul-2025 22:47:14 UTC] PHP Deprecated:  Creation of dynamic property Redux_Filesystem::$killswitch is deprecated in /home/g2g1qer3vaa0/public_html/wp-content/themes/organic-life/admin/inc/class.redux_filesystem.php on line 202
[08-Jul-2025 22:47:14 UTC] PHP Fatal error:  Uncaught ArgumentCountError: Too few arguments to function WP_Widget::__construct(), 0 passed in /home/g2g1qer3vaa0/public_html/wp-includes/class-wp-widget-factory.php on line 62 and at least 2 expected in /home/g2g1qer3vaa0/public_html/wp-includes/class-wp-widget.php:163
Stack trace:
#0 /home/g2g1qer3vaa0/public_html/wp-includes/class-wp-widget-factory.php(62): WP_Widget->__construct()
#1 /home/g2g1qer3vaa0/public_html/wp-includes/widgets.php(123): WP_Widget_Factory->register()
#2 /home/g2g1qer3vaa0/public_html/wp-content/themes/organic-life/lib/widgets/image_widget.php(7): register_widget()
#3 /home/g2g1qer3vaa0/public_html/wp-includes/class-wp-hook.php(324): register_organic_image_widget()
#4 /home/g2g1qer3vaa0/public_html/wp-includes/class-wp-hook.php(348): WP_Hook->apply_filters()
#5 /home/g2g1qer3vaa0/public_html/wp-includes/plugin.php(517): WP_Hook->do_action()
#6 /home/g2g1qer3vaa0/public_html/wp-includes/widgets.php(1870): do_action()
#7 /home/g2g1qer3vaa0/public_html/wp-includes/class-wp-hook.php(324): wp_widgets_init()
#8 /home/g2g1qer3vaa0/public_html/wp-includes/class-wp-hook.php(348): WP_Hook->apply_filters()
#9 /home/g2g1qer3vaa0/public_html/wp-includes/plugin.php(517): WP_Hook->do_action()
#10 /home/g2g1qer3vaa0/public_html/wp-settings.php(700): do_action()
#11 /home/g2g1qer3vaa0/public_html/wp-config.php(94): require_once('/home/g2g1qer3v...')
#12 /home/g2g1qer3vaa0/public_html/wp-load.php(50): require_once('/home/g2g1qer3v...')
#13 /home/g2g1qer3vaa0/public_html/wp-blog-header.php(13): require_once('/home/g2g1qer3v...')
#14 /home/g2g1qer3vaa0/public_html/index.php(17): require('/home/g2g1qer3v...')
#15 {main}
  thrown in /home/g2g1qer3vaa0/public_html/wp-includes/class-wp-widget.php on line 163
[08-Jul-2025 22:47:15 UTC] PHP Deprecated:  YoastSEO_Vendor\Symfony\Component\DependencyInjection\Container::__construct(): Implicitly marking parameter $parameterBag as nullable is deprecated, the explicit nullable type must be used instead in /home/g2g1qer3vaa0/public_html/wp-content/plugins/wordpress-seo/vendor_prefixed/symfony/dependency-injection/Container.php on line 60
[08-Jul-2025 22:47:15 UTC] PHP Deprecated:  Creation of dynamic property ReduxFramework_extension_import_export::$field_name is deprecated in /home/g2g1qer3vaa0/public_html/wp-content/themes/organic-life/admin/inc/extensions/import_export/extension_import_export.php on line 62
[08-Jul-2025 22:47:15 UTC] PHP Deprecated:  Creation of dynamic property ReduxFramework::$transients is deprecated in /home/g2g1qer3vaa0/public_html/wp-content/themes/organic-life/admin/framework.php on line 2426
[08-Jul-2025 22:47:15 UTC] PHP Deprecated:  Creation of dynamic property ReduxFramework::$transients_check is deprecated in /home/g2g1qer3vaa0/public_html/wp-content/themes/organic-life/admin/framework.php on line 2427
[08-Jul-2025 22:47:15 UTC] PHP Deprecated:  Creation of dynamic property ReduxDebugObject::$parent is deprecated in /home/g2g1qer3vaa0/public_html/wp-content/themes/organic-life/admin/inc/debug.php on line 36
[08-Jul-2025 22:47:15 UTC] PHP Deprecated:  Creation of dynamic property Redux_Filesystem::$killswitch is deprecated in /home/g2g1qer3vaa0/public_html/wp-content/themes/organic-life/admin/inc/class.redux_filesystem.php on line 202
[08-Jul-2025 22:47:15 UTC] PHP Fatal error:  Uncaught ArgumentCountError: Too few arguments to function WP_Widget::__construct(), 0 passed in /home/g2g1qer3vaa0/public_html/wp-includes/class-wp-widget-factory.php on line 62 and at least 2 expected in /home/g2g1qer3vaa0/public_html/wp-includes/class-wp-widget.php:163
Stack trace:
#0 /home/g2g1qer3vaa0/public_html/wp-includes/class-wp-widget-factory.php(62): WP_Widget->__construct()
#1 /home/g2g1qer3vaa0/public_html/wp-includes/widgets.php(123): WP_Widget_Factory->register()
#2 /home/g2g1qer3vaa0/public_html/wp-content/themes/organic-life/lib/widgets/image_widget.php(7): register_widget()
#3 /home/g2g1qer3vaa0/public_html/wp-includes/class-wp-hook.php(324): register_organic_image_widget()
#4 /home/g2g1qer3vaa0/public_html/wp-includes/class-wp-hook.php(348): WP_Hook->apply_filters()
#5 /home/g2g1qer3vaa0/public_html/wp-includes/plugin.php(517): WP_Hook->do_action()
#6 /home/g2g1qer3vaa0/public_html/wp-includes/widgets.php(1870): do_action()
#7 /home/g2g1qer3vaa0/public_html/wp-includes/class-wp-hook.php(324): wp_widgets_init()
#8 /home/g2g1qer3vaa0/public_html/wp-includes/class-wp-hook.php(348): WP_Hook->apply_filters()
#9 /home/g2g1qer3vaa0/public_html/wp-includes/plugin.php(517): WP_Hook->do_action()
#10 /home/g2g1qer3vaa0/public_html/wp-settings.php(700): do_action()
#11 /home/g2g1qer3vaa0/public_html/wp-config.php(94): require_once('/home/g2g1qer3v...')
#12 /home/g2g1qer3vaa0/public_html/wp-load.php(50): require_once('/home/g2g1qer3v...')
#13 /home/g2g1qer3vaa0/public_html/wp-blog-header.php(13): require_once('/home/g2g1qer3v...')
#14 /home/g2g1qer3vaa0/public_html/index.php(17): require('/home/g2g1qer3v...')
#15 {main}
  thrown in /home/g2g1qer3vaa0/public_html/wp-includes/class-wp-widget.php on line 163
[08-Jul-2025 22:49:42 UTC] PHP Deprecated:  YoastSEO_Vendor\Symfony\Component\DependencyInjection\Container::__construct(): Implicitly marking parameter $parameterBag as nullable is deprecated, the explicit nullable type must be used instead in /home/g2g1qer3vaa0/public_html/wp-content/plugins/wordpress-seo/vendor_prefixed/symfony/dependency-injection/Container.php on line 60
[08-Jul-2025 22:49:42 UTC] PHP Deprecated:  Creation of dynamic property ReduxFramework_extension_import_export::$field_name is deprecated in /home/g2g1qer3vaa0/public_html/wp-content/themes/organic-life/admin/inc/extensions/import_export/extension_import_export.php on line 62
[08-Jul-2025 22:49:42 UTC] PHP Deprecated:  Creation of dynamic property ReduxFramework::$transients is deprecated in /home/g2g1qer3vaa0/public_html/wp-content/themes/organic-life/admin/framework.php on line 2426
[08-Jul-2025 22:49:42 UTC] PHP Deprecated:  Creation of dynamic property ReduxFramework::$transients_check is deprecated in /home/g2g1qer3vaa0/public_html/wp-content/themes/organic-life/admin/framework.php on line 2427
[08-Jul-2025 22:49:42 UTC] PHP Deprecated:  Creation of dynamic property ReduxDebugObject::$parent is deprecated in /home/g2g1qer3vaa0/public_html/wp-content/themes/organic-life/admin/inc/debug.php on line 36
[08-Jul-2025 22:49:42 UTC] PHP Deprecated:  Creation of dynamic property Redux_Filesystem::$killswitch is deprecated in /home/g2g1qer3vaa0/public_html/wp-content/themes/organic-life/admin/inc/class.redux_filesystem.php on line 202
[08-Jul-2025 22:49:42 UTC] PHP Fatal error:  Uncaught ArgumentCountError: Too few arguments to function WP_Widget::__construct(), 0 passed in /home/g2g1qer3vaa0/public_html/wp-includes/class-wp-widget-factory.php on line 62 and at least 2 expected in /home/g2g1qer3vaa0/public_html/wp-includes/class-wp-widget.php:163
Stack trace:
#0 /home/g2g1qer3vaa0/public_html/wp-includes/class-wp-widget-factory.php(62): WP_Widget->__construct()
#1 /home/g2g1qer3vaa0/public_html/wp-includes/widgets.php(123): WP_Widget_Factory->register()
#2 /home/g2g1qer3vaa0/public_html/wp-content/themes/organic-life/lib/widgets/image_widget.php(7): register_widget()
#3 /home/g2g1qer3vaa0/public_html/wp-includes/class-wp-hook.php(324): register_organic_image_widget()
#4 /home/g2g1qer3vaa0/public_html/wp-includes/class-wp-hook.php(348): WP_Hook->apply_filters()
#5 /home/g2g1qer3vaa0/public_html/wp-includes/plugin.php(517): WP_Hook->do_action()
#6 /home/g2g1qer3vaa0/public_html/wp-includes/widgets.php(1870): do_action()
#7 /home/g2g1qer3vaa0/public_html/wp-includes/class-wp-hook.php(324): wp_widgets_init()
#8 /home/g2g1qer3vaa0/public_html/wp-includes/class-wp-hook.php(348): WP_Hook->apply_filters()
#9 /home/g2g1qer3vaa0/public_html/wp-includes/plugin.php(517): WP_Hook->do_action()
#10 /home/g2g1qer3vaa0/public_html/wp-settings.php(700): do_action()
#11 /home/g2g1qer3vaa0/public_html/wp-config.php(94): require_once('/home/g2g1qer3v...')
#12 /home/g2g1qer3vaa0/public_html/wp-load.php(50): require_once('/home/g2g1qer3v...')
#13 /home/g2g1qer3vaa0/public_html/wp-blog-header.php(13): require_once('/home/g2g1qer3v...')
#14 /home/g2g1qer3vaa0/public_html/index.php(17): require('/home/g2g1qer3v...')
#15 {main}
  thrown in /home/g2g1qer3vaa0/public_html/wp-includes/class-wp-widget.php on line 163
[08-Jul-2025 22:51:19 UTC] PHP Deprecated:  YoastSEO_Vendor\Symfony\Component\DependencyInjection\Container::__construct(): Implicitly marking parameter $parameterBag as nullable is deprecated, the explicit nullable type must be used instead in /home/g2g1qer3vaa0/public_html/wp-content/plugins/wordpress-seo/vendor_prefixed/symfony/dependency-injection/Container.php on line 60
[08-Jul-2025 22:51:20 UTC] PHP Deprecated:  Creation of dynamic property ReduxFramework_extension_import_export::$field_name is deprecated in /home/g2g1qer3vaa0/public_html/wp-content/themes/organic-life/admin/inc/extensions/import_export/extension_import_export.php on line 62
[08-Jul-2025 22:51:20 UTC] PHP Deprecated:  Creation of dynamic property ReduxFramework::$transients is deprecated in /home/g2g1qer3vaa0/public_html/wp-content/themes/organic-life/admin/framework.php on line 2426
[08-Jul-2025 22:51:20 UTC] PHP Deprecated:  Creation of dynamic property ReduxFramework::$transients_check is deprecated in /home/g2g1qer3vaa0/public_html/wp-content/themes/organic-life/admin/framework.php on line 2427
[08-Jul-2025 22:51:20 UTC] PHP Deprecated:  Creation of dynamic property ReduxDebugObject::$parent is deprecated in /home/g2g1qer3vaa0/public_html/wp-content/themes/organic-life/admin/inc/debug.php on line 36
[08-Jul-2025 22:51:20 UTC] PHP Deprecated:  Creation of dynamic property Redux_Filesystem::$killswitch is deprecated in /home/g2g1qer3vaa0/public_html/wp-content/themes/organic-life/admin/inc/class.redux_filesystem.php on line 202
[08-Jul-2025 22:51:20 UTC] PHP Fatal error:  Uncaught ArgumentCountError: Too few arguments to function WP_Widget::__construct(), 0 passed in /home/g2g1qer3vaa0/public_html/wp-includes/class-wp-widget-factory.php on line 62 and at least 2 expected in /home/g2g1qer3vaa0/public_html/wp-includes/class-wp-widget.php:163
Stack trace:
#0 /home/g2g1qer3vaa0/public_html/wp-includes/class-wp-widget-factory.php(62): WP_Widget->__construct()
#1 /home/g2g1qer3vaa0/public_html/wp-includes/widgets.php(123): WP_Widget_Factory->register()
#2 /home/g2g1qer3vaa0/public_html/wp-content/themes/organic-life/lib/widgets/image_widget.php(7): register_widget()
#3 /home/g2g1qer3vaa0/public_html/wp-includes/class-wp-hook.php(324): register_organic_image_widget()
#4 /home/g2g1qer3vaa0/public_html/wp-includes/class-wp-hook.php(348): WP_Hook->apply_filters()
#5 /home/g2g1qer3vaa0/public_html/wp-includes/plugin.php(517): WP_Hook->do_action()
#6 /home/g2g1qer3vaa0/public_html/wp-includes/widgets.php(1870): do_action()
#7 /home/g2g1qer3vaa0/public_html/wp-includes/class-wp-hook.php(324): wp_widgets_init()
#8 /home/g2g1qer3vaa0/public_html/wp-includes/class-wp-hook.php(348): WP_Hook->apply_filters()
#9 /home/g2g1qer3vaa0/public_html/wp-includes/plugin.php(517): WP_Hook->do_action()
#10 /home/g2g1qer3vaa0/public_html/wp-settings.php(700): do_action()
#11 /home/g2g1qer3vaa0/public_html/wp-config.php(94): require_once('/home/g2g1qer3v...')
#12 /home/g2g1qer3vaa0/public_html/wp-load.php(50): require_once('/home/g2g1qer3v...')
#13 /home/g2g1qer3vaa0/public_html/wp-blog-header.php(13): require_once('/home/g2g1qer3v...')
#14 /home/g2g1qer3vaa0/public_html/index.php(17): require('/home/g2g1qer3v...')
#15 {main}
  thrown in /home/g2g1qer3vaa0/public_html/wp-includes/class-wp-widget.php on line 163
[08-Jul-2025 22:51:57 UTC] PHP Deprecated:  YoastSEO_Vendor\Symfony\Component\DependencyInjection\Container::__construct(): Implicitly marking parameter $parameterBag as nullable is deprecated, the explicit nullable type must be used instead in /home/g2g1qer3vaa0/public_html/wp-content/plugins/wordpress-seo/vendor_prefixed/symfony/dependency-injection/Container.php on line 60
[08-Jul-2025 22:51:57 UTC] PHP Deprecated:  Creation of dynamic property ReduxFramework_extension_import_export::$field_name is deprecated in /home/g2g1qer3vaa0/public_html/wp-content/themes/organic-life/admin/inc/extensions/import_export/extension_import_export.php on line 62
[08-Jul-2025 22:51:57 UTC] PHP Deprecated:  Creation of dynamic property ReduxFramework::$transients is deprecated in /home/g2g1qer3vaa0/public_html/wp-content/themes/organic-life/admin/framework.php on line 2426
[08-Jul-2025 22:51:57 UTC] PHP Deprecated:  Creation of dynamic property ReduxFramework::$transients_check is deprecated in /home/g2g1qer3vaa0/public_html/wp-content/themes/organic-life/admin/framework.php on line 2427
[08-Jul-2025 22:51:57 UTC] PHP Deprecated:  Creation of dynamic property ReduxDebugObject::$parent is deprecated in /home/g2g1qer3vaa0/public_html/wp-content/themes/organic-life/admin/inc/debug.php on line 36
[08-Jul-2025 22:51:58 UTC] PHP Deprecated:  Creation of dynamic property Redux_Filesystem::$killswitch is deprecated in /home/g2g1qer3vaa0/public_html/wp-content/themes/organic-life/admin/inc/class.redux_filesystem.php on line 202
[08-Jul-2025 22:51:58 UTC] PHP Fatal error:  Uncaught ArgumentCountError: Too few arguments to function WP_Widget::__construct(), 0 passed in /home/g2g1qer3vaa0/public_html/wp-includes/class-wp-widget-factory.php on line 62 and at least 2 expected in /home/g2g1qer3vaa0/public_html/wp-includes/class-wp-widget.php:163
Stack trace:
#0 /home/g2g1qer3vaa0/public_html/wp-includes/class-wp-widget-factory.php(62): WP_Widget->__construct()
#1 /home/g2g1qer3vaa0/public_html/wp-includes/widgets.php(123): WP_Widget_Factory->register()
#2 /home/g2g1qer3vaa0/public_html/wp-content/themes/organic-life/lib/widgets/image_widget.php(7): register_widget()
#3 /home/g2g1qer3vaa0/public_html/wp-includes/class-wp-hook.php(324): register_organic_image_widget()
#4 /home/g2g1qer3vaa0/public_html/wp-includes/class-wp-hook.php(348): WP_Hook->apply_filters()
#5 /home/g2g1qer3vaa0/public_html/wp-includes/plugin.php(517): WP_Hook->do_action()
#6 /home/g2g1qer3vaa0/public_html/wp-includes/widgets.php(1870): do_action()
#7 /home/g2g1qer3vaa0/public_html/wp-includes/class-wp-hook.php(324): wp_widgets_init()
#8 /home/g2g1qer3vaa0/public_html/wp-includes/class-wp-hook.php(348): WP_Hook->apply_filters()
#9 /home/g2g1qer3vaa0/public_html/wp-includes/plugin.php(517): WP_Hook->do_action()
#10 /home/g2g1qer3vaa0/public_html/wp-settings.php(700): do_action()
#11 /home/g2g1qer3vaa0/public_html/wp-config.php(94): require_once('/home/g2g1qer3v...')
#12 /home/g2g1qer3vaa0/public_html/wp-load.php(50): require_once('/home/g2g1qer3v...')
#13 /home/g2g1qer3vaa0/public_html/wp-blog-header.php(13): require_once('/home/g2g1qer3v...')
#14 /home/g2g1qer3vaa0/public_html/index.php(17): require('/home/g2g1qer3v...')
#15 {main}
  thrown in /home/g2g1qer3vaa0/public_html/wp-includes/class-wp-widget.php on line 163
[08-Jul-2025 22:52:50 UTC] PHP Deprecated:  YoastSEO_Vendor\Symfony\Component\DependencyInjection\Container::__construct(): Implicitly marking parameter $parameterBag as nullable is deprecated, the explicit nullable type must be used instead in /home/g2g1qer3vaa0/public_html/wp-content/plugins/wordpress-seo/vendor_prefixed/symfony/dependency-injection/Container.php on line 60
[08-Jul-2025 22:52:50 UTC] PHP Deprecated:  Creation of dynamic property ReduxFramework_extension_import_export::$field_name is deprecated in /home/g2g1qer3vaa0/public_html/wp-content/themes/organic-life/admin/inc/extensions/import_export/extension_import_export.php on line 62
[08-Jul-2025 22:52:50 UTC] PHP Deprecated:  Creation of dynamic property ReduxFramework::$transients is deprecated in /home/g2g1qer3vaa0/public_html/wp-content/themes/organic-life/admin/framework.php on line 2426
[08-Jul-2025 22:52:50 UTC] PHP Deprecated:  Creation of dynamic property ReduxFramework::$transients_check is deprecated in /home/g2g1qer3vaa0/public_html/wp-content/themes/organic-life/admin/framework.php on line 2427
[08-Jul-2025 22:52:50 UTC] PHP Deprecated:  Creation of dynamic property ReduxDebugObject::$parent is deprecated in /home/g2g1qer3vaa0/public_html/wp-content/themes/organic-life/admin/inc/debug.php on line 36
[08-Jul-2025 22:52:50 UTC] PHP Deprecated:  Creation of dynamic property Redux_Filesystem::$killswitch is deprecated in /home/g2g1qer3vaa0/public_html/wp-content/themes/organic-life/admin/inc/class.redux_filesystem.php on line 202
[08-Jul-2025 22:52:50 UTC] PHP Fatal error:  Uncaught ArgumentCountError: Too few arguments to function WP_Widget::__construct(), 0 passed in /home/g2g1qer3vaa0/public_html/wp-includes/class-wp-widget-factory.php on line 62 and at least 2 expected in /home/g2g1qer3vaa0/public_html/wp-includes/class-wp-widget.php:163
Stack trace:
#0 /home/g2g1qer3vaa0/public_html/wp-includes/class-wp-widget-factory.php(62): WP_Widget->__construct()
#1 /home/g2g1qer3vaa0/public_html/wp-includes/widgets.php(123): WP_Widget_Factory->register()
#2 /home/g2g1qer3vaa0/public_html/wp-content/themes/organic-life/lib/widgets/image_widget.php(7): register_widget()
#3 /home/g2g1qer3vaa0/public_html/wp-includes/class-wp-hook.php(324): register_organic_image_widget()
#4 /home/g2g1qer3vaa0/public_html/wp-includes/class-wp-hook.php(348): WP_Hook->apply_filters()
#5 /home/g2g1qer3vaa0/public_html/wp-includes/plugin.php(517): WP_Hook->do_action()
#6 /home/g2g1qer3vaa0/public_html/wp-includes/widgets.php(1870): do_action()
#7 /home/g2g1qer3vaa0/public_html/wp-includes/class-wp-hook.php(324): wp_widgets_init()
#8 /home/g2g1qer3vaa0/public_html/wp-includes/class-wp-hook.php(348): WP_Hook->apply_filters()
#9 /home/g2g1qer3vaa0/public_html/wp-includes/plugin.php(517): WP_Hook->do_action()
#10 /home/g2g1qer3vaa0/public_html/wp-settings.php(700): do_action()
#11 /home/g2g1qer3vaa0/public_html/wp-config.php(94): require_once('/home/g2g1qer3v...')
#12 /home/g2g1qer3vaa0/public_html/wp-load.php(50): require_once('/home/g2g1qer3v...')
#13 /home/g2g1qer3vaa0/public_html/wp-blog-header.php(13): require_once('/home/g2g1qer3v...')
#14 /home/g2g1qer3vaa0/public_html/index.php(17): require('/home/g2g1qer3v...')
#15 {main}
  thrown in /home/g2g1qer3vaa0/public_html/wp-includes/class-wp-widget.php on line 163
